<?xml version="1.0" encoding="UTF-8"?>
<!-- Generated by org.testng.reporters.JUnitXMLReporter -->
<testsuite ignored="3" hostname="LAPTOP-56F6TDJG" failures="0" tests="1" name="Default test(failed)" time="25.698" errors="0" timestamp="2022-08-17T17:54:14 IST">
  <testcase classname="Test.LoginPageTest" name="loginWithValidCredentialsTest" time="0.913"/>
  <testcase classname="Test.LoginPageTest" name="clickOnLoginWithoutDataTest" time="0.0">
    <ignored/>
  </testcase> <!-- clickOnLoginWithoutDataTest -->
  <testcase classname="Test.LoginPageTest" name="signupLinkTest" time="0.0">
    <ignored/>
  </testcase> <!-- signupLinkTest -->
  <testcase classname="Test.LoginPageTest" name="forgotPasswordLinkTest" time="0.0">
    <ignored/>
  </testcase> <!-- forgotPasswordLinkTest -->
</testsuite> <!-- Default test(failed) -->
