<?xml version="1.0" encoding="UTF-8"?>
<!-- Generated by org.testng.reporters.JUnitXMLReporter -->
<testsuite ignored="4" hostname="LAPTOP-56F6TDJG" failures="0" tests="1" name="Default test" time="20.63" errors="0" timestamp="2022-06-21T13:25:35 IST">
  <testcase classname="Test.HomePageTest" name="ClickOnThebuy" time="13.756"/>
  <testcase classname="Test.HomePageTest" name="ClickOnGraph" time="0.0">
    <ignored/>
  </testcase> <!-- ClickOnGraph -->
  <testcase classname="Test.HomePageTest" name="ClickOnTheSell" time="0.0">
    <ignored/>
  </testcase> <!-- ClickOnTheSell -->
  <testcase classname="Test.HomePageTest" name="LoginToZerodhaHomeTest" time="0.0">
    <ignored/>
  </testcase> <!-- LoginToZerodhaHomeTest -->
  <testcase classname="Test.HomePageTest" name="DeleteTheShare" time="0.0">
    <ignored/>
  </testcase> <!-- DeleteTheShare -->
</testsuite> <!-- Default test -->
